<?xml version="1.0" encoding="UTF-8" ?>
<testsuite 
errors="0" failures="0" hostname="hutianqi" name="org.scalatest.tools.DiscoverySuite" tests="0" time="1.753" timestamp="2017-05-08T14:00:23">
  <properties>
    <property name="java.runtime.name" value="OpenJDK Runtime Environment">
    </property>
    <property 
    name="sun.boot.library.path" value="/usr/lib/jvm/java-7-openjdk-amd64/jre/lib/amd64">
</property>
    <property name="java.vm.version" value="24.121-b00"> </property>
    <property name="java.vm.vendor" value="Oracle Corporation"> </property>
    <property name="java.vendor.url" value="http://java.oracle.com/">
    </property>
    <property name="path.separator" value=":"> </property>
    <property name="java.vm.name" value="OpenJDK 64-Bit Server VM"> </property>
    <property name="file.encoding.pkg" value="sun.io"> </property>
    <property name="user.country" value="CN"> </property>
    <property name="sun.java.launcher" value="SUN_STANDARD"> </property>
    <property name="sun.os.patch.level" value="unknown"> </property>
    <property 
    name="java.vm.specification.name" value="Java Virtual Machine Specification">
</property>
    <property name="user.dir" value="/home/hutianqi/svn/project/UPQuality">
    </property>
    <property name="java.runtime.version" value="1.7.0_121-b00"> </property>
    <property 
    name="java.awt.graphicsenv" value="sun.awt.X11GraphicsEnvironment">
</property>
    <property name="basedir" value="/home/hutianqi/svn/project/UPQuality">
    </property>
    <property 
    name="java.endorsed.dirs" value="/usr/lib/jvm/java-7-openjdk-amd64/jre/lib/endorsed">
</property>
    <property name="os.arch" value="amd64"> </property>
    <property name="java.io.tmpdir" value="/tmp"> </property>
    <property name="line.separator" value=" "> </property>
    <property name="java.vm.specification.vendor" value="Oracle Corporation">
    </property>
    <property name="os.name" value="Linux"> </property>
    <property name="sun.jnu.encoding" value="UTF-8"> </property>
    <property 
    name="java.library.path" value="/home/hutianqi/Download/idea-IC-171.4073.35/bin::/usr/java/packages/lib/amd64:/usr/lib/x86_64-linux-gnu/jni:/lib/x86_64-linux-gnu:/usr/lib/x86_64-linux-gnu:/usr/lib/jni:/lib:/usr/lib">
</property>
    <property 
    name="java.specification.name" value="Java Platform API Specification">
</property>
    <property name="java.class.version" value="51.0"> </property>
    <property 
    name="sun.management.compiler" value="HotSpot 64-Bit Tiered Compilers">
</property>
    <property name="os.version" value="4.2.0-27-generic"> </property>
    <property name="user.home" value="/home/hutianqi"> </property>
    <property name="user.timezone" value=""> </property>
    <property name="java.awt.printerjob" value="sun.print.PSPrinterJob">
    </property>
    <property name="file.encoding" value="UTF-8"> </property>
    <property name="java.specification.version" value="1.7"> </property>
    <property name="user.name" value="hutianqi"> </property>
    <property 
    name="java.class.path" value="/home/hutianqi/svn/project/UPQuality/target/test-classes:/home/hutianqi/svn/project/UPQuality/target/classes:/home/hutianqi/.m2/repository/org/apache/spark/spark-core_2.10/1.6.2/spark-core_2.10-1.6.2.jar:/home/hutianqi/.m2/repository/org/apache/avro/avro-mapred/1.7.7/avro-mapred-1.7.7-hadoop2.jar:/home/hutianqi/.m2/repository/org/apache/avro/avro-ipc/1.7.7/avro-ipc-1.7.7.jar:/home/hutianqi/.m2/repository/org/apache/avro/avro-ipc/1.7.7/avro-ipc-1.7.7-tests.jar:/home/hutianqi/.m2/repository/org/codehaus/jackson/jackson-core-asl/1.9.13/jackson-core-asl-1.9.13.jar:/home/hutianqi/.m2/repository/com/twitter/chill_2.10/0.5.0/chill_2.10-0.5.0.jar:/home/hutianqi/.m2/repository/com/esotericsoftware/kryo/kryo/2.21/kryo-2.21.jar:/home/hutianqi/.m2/repository/com/esotericsoftware/reflectasm/reflectasm/1.07/reflectasm-1.07-shaded.jar:/home/hutianqi/.m2/repository/com/esotericsoftware/minlog/minlog/1.2/minlog-1.2.jar:/home/hutianqi/.m2/repository/org/objenesis/objenesis/1.2/objenesis-1.2.jar:/home/hutianqi/.m2/repository/com/twitter/chill-java/0.5.0/chill-java-0.5.0.jar:/home/hutianqi/.m2/repository/org/apache/xbean/xbean-asm5-shaded/4.4/xbean-asm5-shaded-4.4.jar:/home/hutianqi/.m2/repository/org/apache/spark/spark-launcher_2.10/1.6.2/spark-launcher_2.10-1.6.2.jar:/home/hutianqi/.m2/repository/org/apache/spark/spark-network-common_2.10/1.6.2/spark-network-common_2.10-1.6.2.jar:/home/hutianqi/.m2/repository/org/apache/spark/spark-network-shuffle_2.10/1.6.2/spark-network-shuffle_2.10-1.6.2.jar:/home/hutianqi/.m2/repository/org/fusesource/leveldbjni/leveldbjni-all/1.8/leveldbjni-all-1.8.jar:/home/hutianqi/.m2/repository/com/fasterxml/jackson/core/jackson-annotations/2.4.4/jackson-annotations-2.4.4.jar:/home/hutianqi/.m2/repository/org/apache/spark/spark-unsafe_2.10/1.6.2/spark-unsafe_2.10-1.6.2.jar:/home/hutianqi/.m2/repository/net/java/dev/jets3t/jets3t/0.7.1/jets3t-0.7.1.jar:/home/hutianqi/.m2/repository/org/apache/curator/curator-recipes/2.4.0/curator-recipes-2.4.0.jar:/home/hutianqi/.m2/repository/org/apache/curator/curator-framework/2.4.0/curator-framework-2.4.0.jar:/home/hutianqi/.m2/repository/org/apache/curator/curator-client/2.4.0/curator-client-2.4.0.jar:/home/hutianqi/.m2/repository/com/google/guava/guava/14.0.1/guava-14.0.1.jar:/home/hutianqi/.m2/repository/org/eclipse/jetty/orbit/javax.servlet/3.0.0.v201112011016/javax.servlet-3.0.0.v201112011016.jar:/home/hutianqi/.m2/repository/org/apache/commons/commons-lang3/3.3.2/commons-lang3-3.3.2.jar:/home/hutianqi/.m2/repository/org/apache/commons/commons-math3/3.4.1/commons-math3-3.4.1.jar:/home/hutianqi/.m2/repository/com/google/code/findbugs/jsr305/1.3.9/jsr305-1.3.9.jar:/home/hutianqi/.m2/repository/org/slf4j/slf4j-api/1.7.10/slf4j-api-1.7.10.jar:/home/hutianqi/.m2/repository/org/slf4j/jul-to-slf4j/1.7.10/jul-to-slf4j-1.7.10.jar:/home/hutianqi/.m2/repository/org/slf4j/jcl-over-slf4j/1.7.10/jcl-over-slf4j-1.7.10.jar:/home/hutianqi/.m2/repository/log4j/log4j/1.2.17/log4j-1.2.17.jar:/home/hutianqi/.m2/repository/org/slf4j/slf4j-log4j12/1.7.10/slf4j-log4j12-1.7.10.jar:/home/hutianqi/.m2/repository/com/ning/compress-lzf/1.0.3/compress-lzf-1.0.3.jar:/home/hutianqi/.m2/repository/org/xerial/snappy/snappy-java/1.1.2.1/snappy-java-1.1.2.1.jar:/home/hutianqi/.m2/repository/net/jpountz/lz4/lz4/1.3.0/lz4-1.3.0.jar:/home/hutianqi/.m2/repository/org/roaringbitmap/RoaringBitmap/0.5.11/RoaringBitmap-0.5.11.jar:/home/hutianqi/.m2/repository/commons-net/commons-net/2.2/commons-net-2.2.jar:/home/hutianqi/.m2/repository/com/typesafe/akka/akka-remote_2.10/2.3.11/akka-remote_2.10-2.3.11.jar:/home/hutianqi/.m2/repository/com/typesafe/akka/akka-actor_2.10/2.3.11/akka-actor_2.10-2.3.11.jar:/home/hutianqi/.m2/repository/com/typesafe/config/1.2.1/config-1.2.1.jar:/home/hutianqi/.m2/repository/io/netty/netty/3.8.0.Final/netty-3.8.0.Final.jar:/home/hutianqi/.m2/repository/com/google/protobuf/protobuf-java/2.5.0/protobuf-java-2.5.0.jar:/home/hutianqi/.m2/repository/org/uncommons/maths/uncommons-maths/1.2.2a/uncommons-maths-1.2.2a.jar:/home/hutianqi/.m2/repository/com/typesafe/akka/akka-slf4j_2.10/2.3.11/akka-slf4j_2.10-2.3.11.jar:/home/hutianqi/.m2/repository/org/scala-lang/scala-library/2.10.5/scala-library-2.10.5.jar:/home/hutianqi/.m2/repository/org/json4s/json4s-jackson_2.10/3.2.10/json4s-jackson_2.10-3.2.10.jar:/home/hutianqi/.m2/repository/com/sun/jersey/jersey-server/1.9/jersey-server-1.9.jar:/home/hutianqi/.m2/repository/asm/asm/3.1/asm-3.1.jar:/home/hutianqi/.m2/repository/com/sun/jersey/jersey-core/1.9/jersey-core-1.9.jar:/home/hutianqi/.m2/repository/org/apache/mesos/mesos/0.21.1/mesos-0.21.1-shaded-protobuf.jar:/home/hutianqi/.m2/repository/io/netty/netty-all/4.0.29.Final/netty-all-4.0.29.Final.jar:/home/hutianqi/.m2/repository/com/clearspring/analytics/stream/2.7.0/stream-2.7.0.jar:/home/hutianqi/.m2/repository/io/dropwizard/metrics/metrics-core/3.1.2/metrics-core-3.1.2.jar:/home/hutianqi/.m2/repository/io/dropwizard/metrics/metrics-jvm/3.1.2/metrics-jvm-3.1.2.jar:/home/hutianqi/.m2/repository/io/dropwizard/metrics/metrics-json/3.1.2/metrics-json-3.1.2.jar:/home/hutianqi/.m2/repository/io/dropwizard/metrics/metrics-graphite/3.1.2/metrics-graphite-3.1.2.jar:/home/hutianqi/.m2/repository/com/fasterxml/jackson/core/jackson-databind/2.4.4/jackson-databind-2.4.4.jar:/home/hutianqi/.m2/repository/com/fasterxml/jackson/core/jackson-core/2.4.4/jackson-core-2.4.4.jar:/home/hutianqi/.m2/repository/com/fasterxml/jackson/module/jackson-module-scala_2.10/2.4.4/jackson-module-scala_2.10-2.4.4.jar:/home/hutianqi/.m2/repository/com/thoughtworks/paranamer/paranamer/2.6/paranamer-2.6.jar:/home/hutianqi/.m2/repository/org/apache/ivy/ivy/2.4.0/ivy-2.4.0.jar:/home/hutianqi/.m2/repository/oro/oro/2.0.8/oro-2.0.8.jar:/home/hutianqi/.m2/repository/org/tachyonproject/tachyon-client/0.8.2/tachyon-client-0.8.2.jar:/home/hutianqi/.m2/repository/commons-lang/commons-lang/2.4/commons-lang-2.4.jar:/home/hutianqi/.m2/repository/org/tachyonproject/tachyon-underfs-hdfs/0.8.2/tachyon-underfs-hdfs-0.8.2.jar:/home/hutianqi/.m2/repository/org/tachyonproject/tachyon-underfs-s3/0.8.2/tachyon-underfs-s3-0.8.2.jar:/home/hutianqi/.m2/repository/org/tachyonproject/tachyon-underfs-local/0.8.2/tachyon-underfs-local-0.8.2.jar:/home/hutianqi/.m2/repository/net/razorvine/pyrolite/4.9/pyrolite-4.9.jar:/home/hutianqi/.m2/repository/net/sf/py4j/py4j/0.9/py4j-0.9.jar:/home/hutianqi/.m2/repository/org/spark-project/spark/unused/1.0.0/unused-1.0.0.jar:/home/hutianqi/.m2/repository/org/apache/spark/spark-sql_2.10/1.6.2/spark-sql_2.10-1.6.2.jar:/home/hutianqi/.m2/repository/org/apache/spark/spark-catalyst_2.10/1.6.2/spark-catalyst_2.10-1.6.2.jar:/home/hutianqi/.m2/repository/org/codehaus/janino/janino/2.7.8/janino-2.7.8.jar:/home/hutianqi/.m2/repository/org/apache/parquet/parquet-column/1.7.0/parquet-column-1.7.0.jar:/home/hutianqi/.m2/repository/org/apache/parquet/parquet-common/1.7.0/parquet-common-1.7.0.jar:/home/hutianqi/.m2/repository/org/apache/parquet/parquet-encoding/1.7.0/parquet-encoding-1.7.0.jar:/home/hutianqi/.m2/repository/org/apache/parquet/parquet-generator/1.7.0/parquet-generator-1.7.0.jar:/home/hutianqi/.m2/repository/org/apache/parquet/parquet-hadoop/1.7.0/parquet-hadoop-1.7.0.jar:/home/hutianqi/.m2/repository/org/apache/parquet/parquet-format/2.3.0-incubating/parquet-format-2.3.0-incubating.jar:/home/hutianqi/.m2/repository/org/apache/parquet/parquet-jackson/1.7.0/parquet-jackson-1.7.0.jar:/home/hutianqi/.m2/repository/org/apache/spark/spark-hive_2.10/1.6.2/spark-hive_2.10-1.6.2.jar:/home/hutianqi/.m2/repository/com/twitter/parquet-hadoop-bundle/1.6.0/parquet-hadoop-bundle-1.6.0.jar:/home/hutianqi/.m2/repository/org/spark-project/hive/hive-cli/1.2.1.spark/hive-cli-1.2.1.spark.jar:/home/hutianqi/.m2/repository/commons-cli/commons-cli/1.2/commons-cli-1.2.jar:/home/hutianqi/.m2/repository/jline/jline/2.12/jline-2.12.jar:/home/hutianqi/.m2/repository/org/spark-project/hive/hive-exec/1.2.1.spark/hive-exec-1.2.1.spark.jar:/home/hutianqi/.m2/repository/javolution/javolution/5.5.1/javolution-5.5.1.jar:/home/hutianqi/.m2/repository/log4j/apache-log4j-extras/1.2.17/apache-log4j-extras-1.2.17.jar:/home/hutianqi/.m2/repository/com/googlecode/javaewah/JavaEWAH/0.3.2/JavaEWAH-0.3.2.jar:/home/hutianqi/.m2/repository/org/iq80/snappy/snappy/0.2/snappy-0.2.jar:/home/hutianqi/.m2/repository/org/json/json/20090211/json-20090211.jar:/home/hutianqi/.m2/repository/net/sf/opencsv/opencsv/2.3/opencsv-2.3.jar:/home/hutianqi/.m2/repository/org/spark-project/hive/hive-metastore/1.2.1.spark/hive-metastore-1.2.1.spark.jar:/home/hutianqi/.m2/repository/com/jolbox/bonecp/0.8.0.RELEASE/bonecp-0.8.0.RELEASE.jar:/home/hutianqi/.m2/repository/org/apache/derby/derby/10.10.2.0/derby-10.10.2.0.jar:/home/hutianqi/.m2/repository/org/datanucleus/datanucleus-api-jdo/3.2.6/datanucleus-api-jdo-3.2.6.jar:/home/hutianqi/.m2/repository/org/datanucleus/datanucleus-rdbms/3.2.9/datanucleus-rdbms-3.2.9.jar:/home/hutianqi/.m2/repository/commons-pool/commons-pool/1.5.4/commons-pool-1.5.4.jar:/home/hutianqi/.m2/repository/commons-dbcp/commons-dbcp/1.4/commons-dbcp-1.4.jar:/home/hutianqi/.m2/repository/javax/jdo/jdo-api/3.0.1/jdo-api-3.0.1.jar:/home/hutianqi/.m2/repository/javax/transaction/jta/1.1/jta-1.1.jar:/home/hutianqi/.m2/repository/org/apache/avro/avro/1.7.7/avro-1.7.7.jar:/home/hutianqi/.m2/repository/commons-httpclient/commons-httpclient/3.1/commons-httpclient-3.1.jar:/home/hutianqi/.m2/repository/org/apache/calcite/calcite-avatica/1.2.0-incubating/calcite-avatica-1.2.0-incubating.jar:/home/hutianqi/.m2/repository/org/apache/calcite/calcite-core/1.2.0-incubating/calcite-core-1.2.0-incubating.jar:/home/hutianqi/.m2/repository/org/apache/calcite/calcite-linq4j/1.2.0-incubating/calcite-linq4j-1.2.0-incubating.jar:/home/hutianqi/.m2/repository/net/hydromatic/eigenbase-properties/1.1.5/eigenbase-properties-1.1.5.jar:/home/hutianqi/.m2/repository/org/codehaus/janino/commons-compiler/2.7.6/commons-compiler-2.7.6.jar:/home/hutianqi/.m2/repository/org/apache/httpcomponents/httpclient/4.3.2/httpclient-4.3.2.jar:/home/hutianqi/.m2/repository/org/apache/httpcomponents/httpcore/4.3.1/httpcore-4.3.1.jar:/home/hutianqi/.m2/repository/org/codehaus/jackson/jackson-mapper-asl/1.9.13/jackson-mapper-asl-1.9.13.jar:/home/hutianqi/.m2/repository/commons-codec/commons-codec/1.10/commons-codec-1.10.jar:/home/hutianqi/.m2/repository/joda-time/joda-time/2.9.3/joda-time-2.9.3.jar:/home/hutianqi/.m2/repository/org/jodd/jodd-core/3.5.2/jodd-core-3.5.2.jar:/home/hutianqi/.m2/repository/org/datanucleus/datanucleus-core/3.2.10/datanucleus-core-3.2.10.jar:/home/hutianqi/.m2/repository/org/apache/thrift/libthrift/0.9.2/libthrift-0.9.2.jar:/home/hutianqi/.m2/repository/org/apache/thrift/libfb303/0.9.2/libfb303-0.9.2.jar:/home/hutianqi/.m2/repository/org/apache/hadoop/hadoop-client/2.5.2/hadoop-client-2.5.2.jar:/home/hutianqi/.m2/repository/org/apache/hadoop/hadoop-common/2.5.2/hadoop-common-2.5.2.jar:/home/hutianqi/.m2/repository/xmlenc/xmlenc/0.52/xmlenc-0.52.jar:/home/hutianqi/.m2/repository/commons-collections/commons-collections/3.2.1/commons-collections-3.2.1.jar:/home/hutianqi/.m2/repository/commons-configuration/commons-configuration/1.6/commons-configuration-1.6.jar:/home/hutianqi/.m2/repository/commons-digester/commons-digester/1.8/commons-digester-1.8.jar:/home/hutianqi/.m2/repository/commons-beanutils/commons-beanutils/1.7.0/commons-beanutils-1.7.0.jar:/home/hutianqi/.m2/repository/commons-beanutils/commons-beanutils-core/1.8.0/commons-beanutils-core-1.8.0.jar:/home/hutianqi/.m2/repository/org/apache/hadoop/hadoop-auth/2.5.2/hadoop-auth-2.5.2.jar:/home/hutianqi/.m2/repository/org/apache/directory/server/apacheds-kerberos-codec/2.0.0-M15/apacheds-kerberos-codec-2.0.0-M15.jar:/home/hutianqi/.m2/repository/org/apache/directory/server/apacheds-i18n/2.0.0-M15/apacheds-i18n-2.0.0-M15.jar:/home/hutianqi/.m2/repository/org/apache/directory/api/api-asn1-api/1.0.0-M20/api-asn1-api-1.0.0-M20.jar:/home/hutianqi/.m2/repository/org/apache/directory/api/api-util/1.0.0-M20/api-util-1.0.0-M20.jar:/home/hutianqi/.m2/repository/org/apache/hadoop/hadoop-hdfs/2.5.2/hadoop-hdfs-2.5.2.jar:/home/hutianqi/.m2/repository/org/mortbay/jetty/jetty-util/6.1.26/jetty-util-6.1.26.jar:/home/hutianqi/.m2/repository/org/apache/hadoop/hadoop-mapreduce-client-app/2.5.2/hadoop-mapreduce-client-app-2.5.2.jar:/home/hutianqi/.m2/repository/org/apache/hadoop/hadoop-mapreduce-client-common/2.5.2/hadoop-mapreduce-client-common-2.5.2.jar:/home/hutianqi/.m2/repository/org/apache/hadoop/hadoop-yarn-client/2.5.2/hadoop-yarn-client-2.5.2.jar:/home/hutianqi/.m2/repository/com/sun/jersey/jersey-client/1.9/jersey-client-1.9.jar:/home/hutianqi/.m2/repository/org/apache/hadoop/hadoop-yarn-server-common/2.5.2/hadoop-yarn-server-common-2.5.2.jar:/home/hutianqi/.m2/repository/org/apache/hadoop/hadoop-mapreduce-client-shuffle/2.5.2/hadoop-mapreduce-client-shuffle-2.5.2.jar:/home/hutianqi/.m2/repository/org/apache/hadoop/hadoop-yarn-api/2.5.2/hadoop-yarn-api-2.5.2.jar:/home/hutianqi/.m2/repository/org/apache/hadoop/hadoop-mapreduce-client-core/2.5.2/hadoop-mapreduce-client-core-2.5.2.jar:/home/hutianqi/.m2/repository/org/apache/hadoop/hadoop-yarn-common/2.5.2/hadoop-yarn-common-2.5.2.jar:/home/hutianqi/.m2/repository/javax/xml/bind/jaxb-api/2.2.2/jaxb-api-2.2.2.jar:/home/hutianqi/.m2/repository/javax/xml/stream/stax-api/1.0-2/stax-api-1.0-2.jar:/home/hutianqi/.m2/repository/javax/activation/activation/1.1/activation-1.1.jar:/home/hutianqi/.m2/repository/javax/servlet/servlet-api/2.5/servlet-api-2.5.jar:/home/hutianqi/.m2/repository/org/codehaus/jackson/jackson-jaxrs/1.9.13/jackson-jaxrs-1.9.13.jar:/home/hutianqi/.m2/repository/org/codehaus/jackson/jackson-xc/1.9.13/jackson-xc-1.9.13.jar:/home/hutianqi/.m2/repository/org/apache/hadoop/hadoop-mapreduce-client-jobclient/2.5.2/hadoop-mapreduce-client-jobclient-2.5.2.jar:/home/hutianqi/.m2/repository/org/apache/hadoop/hadoop-annotations/2.5.2/hadoop-annotations-2.5.2.jar:/home/hutianqi/.m2/repository/org/json4s/json4s-native_2.10/3.2.9/json4s-native_2.10-3.2.9.jar:/home/hutianqi/.m2/repository/org/json4s/json4s-core_2.10/3.2.9/json4s-core_2.10-3.2.9.jar:/home/hutianqi/.m2/repository/org/json4s/json4s-ast_2.10/3.2.9/json4s-ast_2.10-3.2.9.jar:/home/hutianqi/.m2/repository/org/scala-lang/scalap/2.10.0/scalap-2.10.0.jar:/home/hutianqi/.m2/repository/org/scala-lang/scala-compiler/2.10.0/scala-compiler-2.10.0.jar:/home/hutianqi/.m2/repository/org/scalatest/scalatest_2.10/3.0.1/scalatest_2.10-3.0.1.jar:/home/hutianqi/.m2/repository/org/scalactic/scalactic_2.10/3.0.1/scalactic_2.10-3.0.1.jar:/home/hutianqi/.m2/repository/org/scala-lang/scala-reflect/2.10.6/scala-reflect-2.10.6.jar:/home/hutianqi/.m2/repository/org/apache/hive/hive-exec/0.13.1/hive-exec-0.13.1.jar:/home/hutianqi/.m2/repository/org/apache/hive/hive-ant/0.13.1/hive-ant-0.13.1.jar:/home/hutianqi/.m2/repository/org/apache/velocity/velocity/1.5/velocity-1.5.jar:/home/hutianqi/.m2/repository/org/apache/hive/hive-metastore/0.13.1/hive-metastore-0.13.1.jar:/home/hutianqi/.m2/repository/org/apache/hive/hive-serde/0.13.1/hive-serde-0.13.1.jar:/home/hutianqi/.m2/repository/org/apache/hive/hive-common/0.13.1/hive-common-0.13.1.jar:/home/hutianqi/.m2/repository/org/apache/hive/hive-shims/0.13.1/hive-shims-0.13.1.jar:/home/hutianqi/.m2/repository/org/apache/hive/shims/hive-shims-common/0.13.1/hive-shims-common-0.13.1.jar:/home/hutianqi/.m2/repository/org/apache/hive/shims/hive-shims-0.20/0.13.1/hive-shims-0.20-0.13.1.jar:/home/hutianqi/.m2/repository/org/apache/hive/shims/hive-shims-common-secure/0.13.1/hive-shims-common-secure-0.13.1.jar:/home/hutianqi/.m2/repository/org/apache/hive/shims/hive-shims-0.20S/0.13.1/hive-shims-0.20S-0.13.1.jar:/home/hutianqi/.m2/repository/org/apache/hive/shims/hive-shims-0.23/0.13.1/hive-shims-0.23-0.13.1.jar:/home/hutianqi/.m2/repository/commons-io/commons-io/2.4/commons-io-2.4.jar:/home/hutianqi/.m2/repository/commons-logging/commons-logging/1.1.3/commons-logging-1.1.3.jar:/home/hutianqi/.m2/repository/org/antlr/antlr-runtime/3.4/antlr-runtime-3.4.jar:/home/hutianqi/.m2/repository/org/antlr/stringtemplate/3.2.1/stringtemplate-3.2.1.jar:/home/hutianqi/.m2/repository/antlr/antlr/2.7.7/antlr-2.7.7.jar:/home/hutianqi/.m2/repository/org/antlr/ST4/4.0.4/ST4-4.0.4.jar:/home/hutianqi/.m2/repository/org/apache/ant/ant/1.9.1/ant-1.9.1.jar:/home/hutianqi/.m2/repository/org/apache/ant/ant-launcher/1.9.1/ant-launcher-1.9.1.jar:/home/hutianqi/.m2/repository/org/apache/commons/commons-compress/1.4.1/commons-compress-1.4.1.jar:/home/hutianqi/.m2/repository/org/tukaani/xz/1.0/xz-1.0.jar:/home/hutianqi/.m2/repository/org/apache/zookeeper/zookeeper/3.4.5/zookeeper-3.4.5.jar:/home/hutianqi/.m2/repository/org/codehaus/groovy/groovy-all/2.1.6/groovy-all-2.1.6.jar:/home/hutianqi/.m2/repository/stax/stax-api/1.0.1/stax-api-1.0.1.jar:/home/hutianqi/.m2/repository/com/alibaba/fastjson/1.2.4/fastjson-1.2.4.jar:/home/hutianqi/.m2/repository/com/netease/udc/featureMerge/0.0.1-SNAPSHOT/featureMerge-0.0.1-SNAPSHOT.jar:/home/hutianqi/.m2/repository/org/anarres/lzo/lzo-hadoop/1.0.0/lzo-hadoop-1.0.0.jar:/home/hutianqi/.m2/repository/org/anarres/lzo/lzo-core/1.0.0/lzo-core-1.0.0.jar:/home/hutianqi/.m2/repository/org/apache/hadoop/hadoop-core/1.2.1/hadoop-core-1.2.1.jar:/home/hutianqi/.m2/repository/com/sun/jersey/jersey-json/1.8/jersey-json-1.8.jar:/home/hutianqi/.m2/repository/org/codehaus/jettison/jettison/1.1/jettison-1.1.jar:/home/hutianqi/.m2/repository/com/sun/xml/bind/jaxb-impl/2.2.3-1/jaxb-impl-2.2.3-1.jar:/home/hutianqi/.m2/repository/org/apache/commons/commons-math/2.1/commons-math-2.1.jar:/home/hutianqi/.m2/repository/org/mortbay/jetty/jetty/6.1.26/jetty-6.1.26.jar:/home/hutianqi/.m2/repository/org/mortbay/jetty/servlet-api/2.5-20081211/servlet-api-2.5-20081211.jar:/home/hutianqi/.m2/repository/tomcat/jasper-runtime/5.5.12/jasper-runtime-5.5.12.jar:/home/hutianqi/.m2/repository/tomcat/jasper-compiler/5.5.12/jasper-compiler-5.5.12.jar:/home/hutianqi/.m2/repository/org/mortbay/jetty/jsp-api-2.1/6.1.14/jsp-api-2.1-6.1.14.jar:/home/hutianqi/.m2/repository/org/mortbay/jetty/servlet-api-2.5/6.1.14/servlet-api-2.5-6.1.14.jar:/home/hutianqi/.m2/repository/org/mortbay/jetty/jsp-2.1/6.1.14/jsp-2.1-6.1.14.jar:/home/hutianqi/.m2/repository/ant/ant/1.6.5/ant-1.6.5.jar:/home/hutianqi/.m2/repository/commons-el/commons-el/1.0/commons-el-1.0.jar:/home/hutianqi/.m2/repository/hsqldb/hsqldb/1.8.0.10/hsqldb-1.8.0.10.jar:/home/hutianqi/.m2/repository/org/eclipse/jdt/core/3.1.1/core-3.1.1.jar:/home/hutianqi/.m2/repository/org/springframework/spring-beans/4.2.2.RELEASE/spring-beans-4.2.2.RELEASE.jar:/home/hutianqi/.m2/repository/org/springframework/spring-core/4.2.2.RELEASE/spring-core-4.2.2.RELEASE.jar:/home/hutianqi/.m2/repository/org/springframework/spring-context/4.2.2.RELEASE/spring-context-4.2.2.RELEASE.jar:/home/hutianqi/.m2/repository/org/springframework/spring-aop/4.2.2.RELEASE/spring-aop-4.2.2.RELEASE.jar:/home/hutianqi/.m2/repository/aopalliance/aopalliance/1.0/aopalliance-1.0.jar:/home/hutianqi/.m2/repository/org/springframework/spring-expression/4.2.2.RELEASE/spring-expression-4.2.2.RELEASE.jar:/home/hutianqi/.m2/repository/mysql/mysql-connector-java/5.1.25/mysql-connector-java-5.1.25.jar">
</property>
    <property name="java.vm.specification.version" value="1.7"> </property>
    <property name="sun.arch.data.model" value="64"> </property>
    <property name="java.home" value="/usr/lib/jvm/java-7-openjdk-amd64/jre">
    </property>
    <property 
    name="sun.java.command" value="org.scalatest.tools.Runner -R /home/hutianqi/svn/project/UPQuality/target/classes /home/hutianqi/svn/project/UPQuality/target/test-classes -o -fWDF /home/hutianqi/svn/project/UPQuality/target/surefire-reports/TestSuite.txt -u /home/hutianqi/svn/project/UPQuality/target/surefire-reports/.">
</property>
    <property name="java.specification.vendor" value="Oracle Corporation">
    </property>
    <property name="user.language" value="zh"> </property>
    <property name="awt.toolkit" value="sun.awt.X11.XToolkit"> </property>
    <property name="java.vm.info" value="mixed mode"> </property>
    <property name="java.version" value="1.7.0_121"> </property>
    <property 
    name="java.ext.dirs" value="/usr/lib/jvm/java-7-openjdk-amd64/jre/lib/ext:/usr/java/packages/lib/ext">
</property>
    <property 
    name="sun.boot.class.path" value="/usr/lib/jvm/java-7-openjdk-amd64/jre/lib/resources.jar:/usr/lib/jvm/java-7-openjdk-amd64/jre/lib/rt.jar:/usr/lib/jvm/java-7-openjdk-amd64/jre/lib/sunrsasign.jar:/usr/lib/jvm/java-7-openjdk-amd64/jre/lib/jsse.jar:/usr/lib/jvm/java-7-openjdk-amd64/jre/lib/jce.jar:/usr/lib/jvm/java-7-openjdk-amd64/jre/lib/charsets.jar:/usr/lib/jvm/java-7-openjdk-amd64/jre/lib/rhino.jar:/usr/lib/jvm/java-7-openjdk-amd64/jre/lib/jfr.jar:/usr/lib/jvm/java-7-openjdk-amd64/jre/classes">
</property>
    <property name="java.vendor" value="Oracle Corporation"> </property>
    <property name="file.separator" value="/"> </property>
    <property 
    name="java.vendor.url.bug" value="http://bugreport.sun.com/bugreport/">
</property>
    <property name="sun.cpu.endian" value="little"> </property>
    <property name="sun.io.unicode.encoding" value="UnicodeLittle"> </property>
    <property name="sun.desktop" value="gnome"> </property>
    <property name="sun.cpu.isalist" value=""> </property>
  </properties>
  <system-out><![CDATA[]]></system-out>
  <system-err><![CDATA[]]></system-err>
</testsuite>
